Determining if the pthread_create exist failed with the following output:
Change Dir: /home/markob/git/dn_object_detect/darknet/build/CMakeFiles/CMakeTmp

Run Build Command:/usr/bin/make "cmTryCompileExec3042218034/fast"
/usr/bin/make -f CMakeFiles/cmTryCompileExec3042218034.dir/build.make CMakeFiles/cmTryCompileExec3042218034.dir/build
make[1]: Entering directory `/home/markob/git/dn_object_detect/darknet/build/CMakeFiles/CMakeTmp'
/usr/bin/cmake -E cmake_progress_report /home/markob/git/dn_object_detect/darknet/build/CMakeFiles/CMakeTmp/CMakeFiles 1
Building C object CMakeFiles/cmTryCompileExec3042218034.dir/CheckSymbolExists.c.o
/usr/bin/cc    -o CMakeFiles/cmTryCompileExec3042218034.dir/CheckSymbolExists.c.o   -c /home/markob/git/dn_object_detect/darknet/build/CMakeFiles/CMakeTmp/CheckSymbolExists.c
Linking C executable cmTryCompileExec3042218034
/usr/bin/cmake -E cmake_link_script CMakeFiles/cmTryCompileExec3042218034.dir/link.txt --verbose=1
/usr/bin/cc       CMakeFiles/cmTryCompileExec3042218034.dir/CheckSymbolExists.c.o  -o cmTryCompileExec3042218034 -rdynamic 
CMakeFiles/cmTryCompileExec3042218034.dir/CheckSymbolExists.c.o: In function `main':
CheckSymbolExists.c:(.text+0x16): undefined reference to `pthread_create'
collect2: error: ld returned 1 exit status
make[1]: Leaving directory `/home/markob/git/dn_object_detect/darknet/build/CMakeFiles/CMakeTmp'
make[1]: *** [cmTryCompileExec3042218034] Error 1
make: *** [cmTryCompileExec3042218034/fast] Error 2

File /home/markob/git/dn_object_detect/darknet/build/CMakeFiles/CMakeTmp/CheckSymbolExists.c:
/* */
#include <pthread.h>

int main(int argc, char** argv)
{
  (void)argv;
#ifndef pthread_create
  return ((int*)(&pthread_create))[argc];
#else
  (void)argc;
  return 0;
#endif
}

Determining if the function pthread_create exists in the pthreads failed with the following output:
Change Dir: /home/markob/git/dn_object_detect/darknet/build/CMakeFiles/CMakeTmp

Run Build Command:/usr/bin/make "cmTryCompileExec1587498568/fast"
/usr/bin/make -f CMakeFiles/cmTryCompileExec1587498568.dir/build.make CMakeFiles/cmTryCompileExec1587498568.dir/build
make[1]: Entering directory `/home/markob/git/dn_object_detect/darknet/build/CMakeFiles/CMakeTmp'
/usr/bin/cmake -E cmake_progress_report /home/markob/git/dn_object_detect/darknet/build/CMakeFiles/CMakeTmp/CMakeFiles 1
Building C object CMakeFiles/cmTryCompileExec1587498568.dir/CheckFunctionExists.c.o
/usr/bin/cc   -DCHECK_FUNCTION_EXISTS=pthread_create   -o CMakeFiles/cmTryCompileExec1587498568.dir/CheckFunctionExists.c.o   -c /usr/share/cmake-2.8/Modules/CheckFunctionExists.c
Linking C executable cmTryCompileExec1587498568
/usr/bin/cmake -E cmake_link_script CMakeFiles/cmTryCompileExec1587498568.dir/link.txt --verbose=1
/usr/bin/cc   -DCHECK_FUNCTION_EXISTS=pthread_create    CMakeFiles/cmTryCompileExec1587498568.dir/CheckFunctionExists.c.o  -o cmTryCompileExec1587498568 -rdynamic -lpthreads 
/usr/bin/ld: cannot find -lpthreads
collect2: error: ld returned 1 exit status
make[1]: Leaving directory `/home/markob/git/dn_object_detect/darknet/build/CMakeFiles/CMakeTmp'
make[1]: *** [cmTryCompileExec1587498568] Error 1
make: *** [cmTryCompileExec1587498568/fast] Error 2


